<?xml version="1.0" encoding="UTF-8"?>
<testng-results skipped="0" failed="0" ignored="0" total="1" passed="1">
  <reporter-output>
  </reporter-output>
  <suite name="Default suite" duration-ms="61741" started-at="2018-07-06T02:35:24Z" finished-at="2018-07-06T02:36:26Z">
    <groups>
    </groups>
    <test name="Default test" duration-ms="61741" started-at="2018-07-06T02:35:24Z" finished-at="2018-07-06T02:36:26Z">
      <class name="package1.TestForm">
        <test-method status="PASS" signature="testMethod1()[pri:0, instance:package1.TestForm@2a2d45ba]" name="testMethod1" duration-ms="61670" started-at="2018-07-06T08:05:24Z" finished-at="2018-07-06T08:06:26Z">
          <reporter-output>
          </reporter-output>
        </test-method> <!-- testMethod1 -->
      </class> <!-- package1.TestForm -->
    </test> <!-- Default test -->
  </suite> <!-- Default suite -->
</testng-results>
